extract_metadata: 0.7841827869415283
extract_metadata: 0.7843006070002048
detect_features: 13.773007492000033
match_features: 46.869912012999976
create_tracks: 4.659173464000105
reconstruct: 83.03543076699998
mesh: 8.45132692299967
undistort: 8.93415011199977
compute_depthmaps: 265.24511360199995
extract_metadata: 1.9193205833435059
extract_metadata: 1.9194555589992888
detect_features: 116.59189286800029
match_features: 5727.817357905999
create_tracks: 34.70377692399961
reconstruct: 1134.9707757570013
mesh: 45.589799736000714
undistort: 52.65950958800022
compute_depthmaps: 2177.2870248790005
extract_metadata: 0.030179500579833984
extract_metadata: 0.03025608300231397
detect_features: 0.11557179999726941
match_features: 3686.9643501389983
create_tracks: 29.14604137599963
reconstruct: 1195.016032653999
mesh: 36.299036701999285
undistort: 51.00230354700034
compute_depthmaps: 118.63226327400116
